{"C:\\Users\\camde\\Open-Net\\src\\services\\authService.js": {"path":"C:\\Users\\camde\\Open-Net\\src\\services\\authService.js","statementMap":{"0":{"start":{"line":4,"column":31},"end":{"line":24,"column":1}},"1":{"start":{"line":7,"column":2},"end":{"line":23,"column":3}},"2":{"start":{"line":8,"column":21},"end":{"line":13,"column":6}},"3":{"start":{"line":15,"column":19},"end":{"line":15,"column":40}},"4":{"start":{"line":17,"column":4},"end":{"line":17,"column":55}},"5":{"start":{"line":17,"column":25},"end":{"line":17,"column":55}},"6":{"start":{"line":18,"column":4},"end":{"line":18,"column":63}},"7":{"start":{"line":19,"column":4},"end":{"line":19,"column":76}},"8":{"start":{"line":20,"column":4},"end":{"line":20,"column":28}},"9":{"start":{"line":22,"column":4},"end":{"line":22,"column":16}},"10":{"start":{"line":26,"column":31},"end":{"line":46,"column":1}},"11":{"start":{"line":27,"column":2},"end":{"line":45,"column":3}},"12":{"start":{"line":28,"column":21},"end":{"line":32,"column":6}},"13":{"start":{"line":34,"column":19},"end":{"line":34,"column":40}},"14":{"start":{"line":36,"column":4},"end":{"line":36,"column":55}},"15":{"start":{"line":36,"column":25},"end":{"line":36,"column":55}},"16":{"start":{"line":39,"column":4},"end":{"line":39,"column":63}},"17":{"start":{"line":40,"column":4},"end":{"line":40,"column":77}},"18":{"start":{"line":42,"column":4},"end":{"line":42,"column":28}},"19":{"start":{"line":44,"column":4},"end":{"line":44,"column":16}},"20":{"start":{"line":48,"column":23},"end":{"line":53,"column":1}},"21":{"start":{"line":51,"column":2},"end":{"line":51,"column":45}},"22":{"start":{"line":52,"column":2},"end":{"line":52,"column":44}},"23":{"start":{"line":55,"column":28},"end":{"line":57,"column":1}},"24":{"start":{"line":56,"column":2},"end":{"line":56,"column":49}}},"fnMap":{"0":{"name":"(anonymous_0)","decl":{"start":{"line":4,"column":31},"end":{"line":4,"column":32}},"loc":{"start":{"line":4,"column":63},"end":{"line":24,"column":1}},"line":4},"1":{"name":"(anonymous_1)","decl":{"start":{"line":26,"column":31},"end":{"line":26,"column":32}},"loc":{"start":{"line":26,"column":58},"end":{"line":46,"column":1}},"line":26},"2":{"name":"(anonymous_2)","decl":{"start":{"line":48,"column":23},"end":{"line":48,"column":24}},"loc":{"start":{"line":48,"column":35},"end":{"line":53,"column":1}},"line":48},"3":{"name":"(anonymous_3)","decl":{"start":{"line":55,"column":28},"end":{"line":55,"column":29}},"loc":{"start":{"line":55,"column":40},"end":{"line":57,"column":1}},"line":55}},"branchMap":{"0":{"loc":{"start":{"line":17,"column":4},"end":{"line":17,"column":55}},"type":"if","locations":[{"start":{"line":17,"column":4},"end":{"line":17,"column":55}},{"start":{},"end":{}}],"line":17},"1":{"loc":{"start":{"line":36,"column":4},"end":{"line":36,"column":55}},"type":"if","locations":[{"start":{"line":36,"column":4},"end":{"line":36,"column":55}},{"start":{},"end":{}}],"line":36}},"s":{"0":1,"1":1,"2":1,"3":1,"4":1,"5":0,"6":1,"7":1,"8":1,"9":0,"10":1,"11":1,"12":1,"13":1,"14":1,"15":0,"16":1,"17":1,"18":1,"19":0,"20":1,"21":0,"22":0,"23":1,"24":11},"f":{"0":1,"1":1,"2":0,"3":11},"b":{"0":[0,1],"1":[0,1]},"_coverageSchema":"1a1c01bbd47fc00a2c39e90264f33305004495a9","hash":"604da44b61d5f9d96445e899dcb6d6f129b4bde5"}
,"C:\\Users\\camde\\Open-Net\\src\\services\\eventService.js": {"path":"C:\\Users\\camde\\Open-Net\\src\\services\\eventService.js","statementMap":{"0":{"start":{"line":4,"column":19},"end":{"line":10,"column":1}},"1":{"start":{"line":5,"column":16},"end":{"line":5,"column":36}},"2":{"start":{"line":6,"column":2},"end":{"line":9,"column":4}},"3":{"start":{"line":12,"column":27},"end":{"line":29,"column":1}},"4":{"start":{"line":13,"column":2},"end":{"line":28,"column":3}},"5":{"start":{"line":14,"column":20},"end":{"line":14,"column":38}},"6":{"start":{"line":15,"column":21},"end":{"line":19,"column":6}},"7":{"start":{"line":21,"column":19},"end":{"line":21,"column":40}},"8":{"start":{"line":23,"column":4},"end":{"line":23,"column":55}},"9":{"start":{"line":23,"column":25},"end":{"line":23,"column":55}},"10":{"start":{"line":25,"column":4},"end":{"line":25,"column":23}},"11":{"start":{"line":27,"column":4},"end":{"line":27,"column":64}},"12":{"start":{"line":31,"column":31},"end":{"line":42,"column":1}},"13":{"start":{"line":32,"column":2},"end":{"line":41,"column":3}},"14":{"start":{"line":33,"column":21},"end":{"line":33,"column":53}},"15":{"start":{"line":34,"column":19},"end":{"line":34,"column":40}},"16":{"start":{"line":36,"column":4},"end":{"line":36,"column":55}},"17":{"start":{"line":36,"column":25},"end":{"line":36,"column":55}},"18":{"start":{"line":38,"column":4},"end":{"line":38,"column":23}},"19":{"start":{"line":40,"column":4},"end":{"line":40,"column":64}},"20":{"start":{"line":44,"column":33},"end":{"line":61,"column":1}},"21":{"start":{"line":45,"column":2},"end":{"line":60,"column":3}},"22":{"start":{"line":46,"column":20},"end":{"line":46,"column":38}},"23":{"start":{"line":47,"column":21},"end":{"line":51,"column":6}},"24":{"start":{"line":53,"column":19},"end":{"line":53,"column":40}},"25":{"start":{"line":55,"column":4},"end":{"line":55,"column":55}},"26":{"start":{"line":55,"column":25},"end":{"line":55,"column":55}},"27":{"start":{"line":57,"column":4},"end":{"line":57,"column":23}},"28":{"start":{"line":59,"column":4},"end":{"line":59,"column":62}},"29":{"start":{"line":63,"column":26},"end":{"line":80,"column":1}},"30":{"start":{"line":64,"column":2},"end":{"line":79,"column":3}},"31":{"start":{"line":65,"column":20},"end":{"line":65,"column":38}},"32":{"start":{"line":66,"column":21},"end":{"line":70,"column":6}},"33":{"start":{"line":72,"column":19},"end":{"line":72,"column":40}},"34":{"start":{"line":74,"column":4},"end":{"line":74,"column":55}},"35":{"start":{"line":74,"column":25},"end":{"line":74,"column":55}},"36":{"start":{"line":76,"column":4},"end":{"line":76,"column":16}},"37":{"start":{"line":78,"column":4},"end":{"line":78,"column":16}},"38":{"start":{"line":82,"column":36},"end":{"line":97,"column":1}},"39":{"start":{"line":83,"column":2},"end":{"line":96,"column":3}},"40":{"start":{"line":84,"column":20},"end":{"line":84,"column":38}},"41":{"start":{"line":85,"column":21},"end":{"line":87,"column":6}},"42":{"start":{"line":89,"column":19},"end":{"line":89,"column":40}},"43":{"start":{"line":91,"column":4},"end":{"line":91,"column":55}},"44":{"start":{"line":91,"column":25},"end":{"line":91,"column":55}},"45":{"start":{"line":93,"column":4},"end":{"line":93,"column":23}},"46":{"start":{"line":95,"column":4},"end":{"line":95,"column":77}},"47":{"start":{"line":99,"column":36},"end":{"line":116,"column":1}},"48":{"start":{"line":100,"column":2},"end":{"line":115,"column":3}},"49":{"start":{"line":101,"column":20},"end":{"line":101,"column":38}},"50":{"start":{"line":102,"column":21},"end":{"line":106,"column":6}},"51":{"start":{"line":108,"column":19},"end":{"line":108,"column":40}},"52":{"start":{"line":110,"column":4},"end":{"line":110,"column":55}},"53":{"start":{"line":110,"column":25},"end":{"line":110,"column":55}},"54":{"start":{"line":112,"column":4},"end":{"line":112,"column":16}},"55":{"start":{"line":114,"column":4},"end":{"line":114,"column":16}},"56":{"start":{"line":118,"column":24},"end":{"line":129,"column":1}},"57":{"start":{"line":119,"column":2},"end":{"line":128,"column":3}},"58":{"start":{"line":120,"column":21},"end":{"line":120,"column":64}},"59":{"start":{"line":121,"column":19},"end":{"line":121,"column":40}},"60":{"start":{"line":123,"column":4},"end":{"line":123,"column":55}},"61":{"start":{"line":123,"column":25},"end":{"line":123,"column":55}},"62":{"start":{"line":125,"column":4},"end":{"line":125,"column":23}},"63":{"start":{"line":127,"column":4},"end":{"line":127,"column":63}},"64":{"start":{"line":131,"column":29},"end":{"line":146,"column":1}},"65":{"start":{"line":132,"column":2},"end":{"line":145,"column":3}},"66":{"start":{"line":133,"column":20},"end":{"line":133,"column":38}},"67":{"start":{"line":134,"column":21},"end":{"line":136,"column":6}},"68":{"start":{"line":138,"column":19},"end":{"line":138,"column":40}},"69":{"start":{"line":140,"column":4},"end":{"line":140,"column":55}},"70":{"start":{"line":140,"column":25},"end":{"line":140,"column":55}},"71":{"start":{"line":142,"column":4},"end":{"line":142,"column":23}},"72":{"start":{"line":144,"column":4},"end":{"line":144,"column":69}},"73":{"start":{"line":148,"column":27},"end":{"line":165,"column":1}},"74":{"start":{"line":149,"column":2},"end":{"line":164,"column":3}},"75":{"start":{"line":150,"column":20},"end":{"line":150,"column":38}},"76":{"start":{"line":151,"column":21},"end":{"line":155,"column":6}},"77":{"start":{"line":157,"column":19},"end":{"line":157,"column":40}},"78":{"start":{"line":159,"column":4},"end":{"line":159,"column":55}},"79":{"start":{"line":159,"column":25},"end":{"line":159,"column":55}},"80":{"start":{"line":161,"column":4},"end":{"line":161,"column":16}},"81":{"start":{"line":163,"column":4},"end":{"line":163,"column":64}},"82":{"start":{"line":167,"column":28},"end":{"line":183,"column":1}},"83":{"start":{"line":168,"column":2},"end":{"line":182,"column":3}},"84":{"start":{"line":169,"column":20},"end":{"line":169,"column":38}},"85":{"start":{"line":170,"column":21},"end":{"line":173,"column":6}},"86":{"start":{"line":175,"column":19},"end":{"line":175,"column":40}},"87":{"start":{"line":177,"column":4},"end":{"line":177,"column":55}},"88":{"start":{"line":177,"column":25},"end":{"line":177,"column":55}},"89":{"start":{"line":179,"column":4},"end":{"line":179,"column":16}},"90":{"start":{"line":181,"column":4},"end":{"line":181,"column":65}},"91":{"start":{"line":185,"column":31},"end":{"line":200,"column":1}},"92":{"start":{"line":186,"column":2},"end":{"line":199,"column":3}},"93":{"start":{"line":187,"column":20},"end":{"line":187,"column":38}},"94":{"start":{"line":188,"column":21},"end":{"line":190,"column":6}},"95":{"start":{"line":192,"column":19},"end":{"line":192,"column":40}},"96":{"start":{"line":194,"column":4},"end":{"line":194,"column":55}},"97":{"start":{"line":194,"column":25},"end":{"line":194,"column":55}},"98":{"start":{"line":196,"column":4},"end":{"line":196,"column":23}},"99":{"start":{"line":198,"column":4},"end":{"line":198,"column":65}},"100":{"start":{"line":202,"column":29},"end":{"line":219,"column":1}},"101":{"start":{"line":203,"column":2},"end":{"line":218,"column":3}},"102":{"start":{"line":204,"column":20},"end":{"line":204,"column":38}},"103":{"start":{"line":205,"column":21},"end":{"line":209,"column":6}},"104":{"start":{"line":211,"column":19},"end":{"line":211,"column":40}},"105":{"start":{"line":213,"column":4},"end":{"line":213,"column":55}},"106":{"start":{"line":213,"column":25},"end":{"line":213,"column":55}},"107":{"start":{"line":215,"column":4},"end":{"line":215,"column":16}},"108":{"start":{"line":217,"column":4},"end":{"line":217,"column":66}},"109":{"start":{"line":221,"column":28},"end":{"line":238,"column":1}},"110":{"start":{"line":222,"column":2},"end":{"line":237,"column":3}},"111":{"start":{"line":223,"column":20},"end":{"line":223,"column":38}},"112":{"start":{"line":224,"column":21},"end":{"line":228,"column":6}},"113":{"start":{"line":230,"column":19},"end":{"line":230,"column":40}},"114":{"start":{"line":232,"column":4},"end":{"line":232,"column":55}},"115":{"start":{"line":232,"column":25},"end":{"line":232,"column":55}},"116":{"start":{"line":234,"column":4},"end":{"line":234,"column":16}},"117":{"start":{"line":236,"column":4},"end":{"line":236,"column":65}},"118":{"start":{"line":240,"column":32},"end":{"line":255,"column":1}},"119":{"start":{"line":241,"column":2},"end":{"line":254,"column":3}},"120":{"start":{"line":242,"column":20},"end":{"line":242,"column":38}},"121":{"start":{"line":243,"column":21},"end":{"line":245,"column":6}},"122":{"start":{"line":247,"column":19},"end":{"line":247,"column":40}},"123":{"start":{"line":249,"column":4},"end":{"line":249,"column":55}},"124":{"start":{"line":249,"column":25},"end":{"line":249,"column":55}},"125":{"start":{"line":251,"column":4},"end":{"line":251,"column":23}},"126":{"start":{"line":253,"column":4},"end":{"line":253,"column":66}}},"fnMap":{"0":{"name":"(anonymous_0)","decl":{"start":{"line":4,"column":19},"end":{"line":4,"column":20}},"loc":{"start":{"line":4,"column":31},"end":{"line":10,"column":1}},"line":4},"1":{"name":"(anonymous_1)","decl":{"start":{"line":12,"column":27},"end":{"line":12,"column":28}},"loc":{"start":{"line":12,"column":48},"end":{"line":29,"column":1}},"line":12},"2":{"name":"(anonymous_2)","decl":{"start":{"line":31,"column":31},"end":{"line":31,"column":32}},"loc":{"start":{"line":31,"column":64},"end":{"line":42,"column":1}},"line":31},"3":{"name":"(anonymous_3)","decl":{"start":{"line":44,"column":33},"end":{"line":44,"column":34}},"loc":{"start":{"line":44,"column":60},"end":{"line":61,"column":1}},"line":44},"4":{"name":"(anonymous_4)","decl":{"start":{"line":63,"column":26},"end":{"line":63,"column":27}},"loc":{"start":{"line":63,"column":53},"end":{"line":80,"column":1}},"line":63},"5":{"name":"(anonymous_5)","decl":{"start":{"line":82,"column":36},"end":{"line":82,"column":37}},"loc":{"start":{"line":82,"column":55},"end":{"line":97,"column":1}},"line":82},"6":{"name":"(anonymous_6)","decl":{"start":{"line":99,"column":36},"end":{"line":99,"column":37}},"loc":{"start":{"line":99,"column":91},"end":{"line":116,"column":1}},"line":99},"7":{"name":"(anonymous_7)","decl":{"start":{"line":118,"column":24},"end":{"line":118,"column":25}},"loc":{"start":{"line":118,"column":43},"end":{"line":129,"column":1}},"line":118},"8":{"name":"(anonymous_8)","decl":{"start":{"line":131,"column":29},"end":{"line":131,"column":30}},"loc":{"start":{"line":131,"column":47},"end":{"line":146,"column":1}},"line":131},"9":{"name":"(anonymous_9)","decl":{"start":{"line":148,"column":27},"end":{"line":148,"column":28}},"loc":{"start":{"line":148,"column":59},"end":{"line":165,"column":1}},"line":148},"10":{"name":"(anonymous_10)","decl":{"start":{"line":167,"column":28},"end":{"line":167,"column":29}},"loc":{"start":{"line":167,"column":55},"end":{"line":183,"column":1}},"line":167},"11":{"name":"(anonymous_11)","decl":{"start":{"line":185,"column":31},"end":{"line":185,"column":32}},"loc":{"start":{"line":185,"column":50},"end":{"line":200,"column":1}},"line":185},"12":{"name":"(anonymous_12)","decl":{"start":{"line":202,"column":29},"end":{"line":202,"column":30}},"loc":{"start":{"line":202,"column":64},"end":{"line":219,"column":1}},"line":202},"13":{"name":"(anonymous_13)","decl":{"start":{"line":221,"column":28},"end":{"line":221,"column":29}},"loc":{"start":{"line":221,"column":63},"end":{"line":238,"column":1}},"line":221},"14":{"name":"(anonymous_14)","decl":{"start":{"line":240,"column":32},"end":{"line":240,"column":33}},"loc":{"start":{"line":240,"column":51},"end":{"line":255,"column":1}},"line":240}},"branchMap":{"0":{"loc":{"start":{"line":8,"column":21},"end":{"line":8,"column":51}},"type":"cond-expr","locations":[{"start":{"line":8,"column":29},"end":{"line":8,"column":46}},{"start":{"line":8,"column":49},"end":{"line":8,"column":51}}],"line":8},"1":{"loc":{"start":{"line":23,"column":4},"end":{"line":23,"column":55}},"type":"if","locations":[{"start":{"line":23,"column":4},"end":{"line":23,"column":55}},{"start":{},"end":{}}],"line":23},"2":{"loc":{"start":{"line":31,"column":46},"end":{"line":31,"column":59}},"type":"default-arg","locations":[{"start":{"line":31,"column":57},"end":{"line":31,"column":59}}],"line":31},"3":{"loc":{"start":{"line":36,"column":4},"end":{"line":36,"column":55}},"type":"if","locations":[{"start":{"line":36,"column":4},"end":{"line":36,"column":55}},{"start":{},"end":{}}],"line":36},"4":{"loc":{"start":{"line":55,"column":4},"end":{"line":55,"column":55}},"type":"if","locations":[{"start":{"line":55,"column":4},"end":{"line":55,"column":55}},{"start":{},"end":{}}],"line":55},"5":{"loc":{"start":{"line":74,"column":4},"end":{"line":74,"column":55}},"type":"if","locations":[{"start":{"line":74,"column":4},"end":{"line":74,"column":55}},{"start":{},"end":{}}],"line":74},"6":{"loc":{"start":{"line":91,"column":4},"end":{"line":91,"column":55}},"type":"if","locations":[{"start":{"line":91,"column":4},"end":{"line":91,"column":55}},{"start":{},"end":{}}],"line":91},"7":{"loc":{"start":{"line":110,"column":4},"end":{"line":110,"column":55}},"type":"if","locations":[{"start":{"line":110,"column":4},"end":{"line":110,"column":55}},{"start":{},"end":{}}],"line":110},"8":{"loc":{"start":{"line":123,"column":4},"end":{"line":123,"column":55}},"type":"if","locations":[{"start":{"line":123,"column":4},"end":{"line":123,"column":55}},{"start":{},"end":{}}],"line":123},"9":{"loc":{"start":{"line":140,"column":4},"end":{"line":140,"column":55}},"type":"if","locations":[{"start":{"line":140,"column":4},"end":{"line":140,"column":55}},{"start":{},"end":{}}],"line":140},"10":{"loc":{"start":{"line":148,"column":43},"end":{"line":148,"column":54}},"type":"default-arg","locations":[{"start":{"line":148,"column":52},"end":{"line":148,"column":54}}],"line":148},"11":{"loc":{"start":{"line":159,"column":4},"end":{"line":159,"column":55}},"type":"if","locations":[{"start":{"line":159,"column":4},"end":{"line":159,"column":55}},{"start":{},"end":{}}],"line":159},"12":{"loc":{"start":{"line":177,"column":4},"end":{"line":177,"column":55}},"type":"if","locations":[{"start":{"line":177,"column":4},"end":{"line":177,"column":55}},{"start":{},"end":{}}],"line":177},"13":{"loc":{"start":{"line":194,"column":4},"end":{"line":194,"column":55}},"type":"if","locations":[{"start":{"line":194,"column":4},"end":{"line":194,"column":55}},{"start":{},"end":{}}],"line":194},"14":{"loc":{"start":{"line":213,"column":4},"end":{"line":213,"column":55}},"type":"if","locations":[{"start":{"line":213,"column":4},"end":{"line":213,"column":55}},{"start":{},"end":{}}],"line":213},"15":{"loc":{"start":{"line":232,"column":4},"end":{"line":232,"column":55}},"type":"if","locations":[{"start":{"line":232,"column":4},"end":{"line":232,"column":55}},{"start":{},"end":{}}],"line":232},"16":{"loc":{"start":{"line":249,"column":4},"end":{"line":249,"column":55}},"type":"if","locations":[{"start":{"line":249,"column":4},"end":{"line":249,"column":55}},{"start":{},"end":{}}],"line":249}},"s":{"0":1,"1":8,"2":8,"3":1,"4":2,"5":2,"6":2,"7":2,"8":2,"9":1,"10":1,"11":1,"12":1,"13":1,"14":1,"15":1,"16":1,"17":0,"18":1,"19":0,"20":1,"21":4,"22":4,"23":4,"24":4,"25":4,"26":1,"27":3,"28":1,"29":1,"30":1,"31":1,"32":1,"33":1,"34":1,"35":0,"36":1,"37":0,"38":1,"39":0,"40":0,"41":0,"42":0,"43":0,"44":0,"45":0,"46":0,"47":1,"48":0,"49":0,"50":0,"51":0,"52":0,"53":0,"54":0,"55":0,"56":1,"57":0,"58":0,"59":0,"60":0,"61":0,"62":0,"63":0,"64":1,"65":0,"66":0,"67":0,"68":0,"69":0,"70":0,"71":0,"72":0,"73":1,"74":0,"75":0,"76":0,"77":0,"78":0,"79":0,"80":0,"81":0,"82":1,"83":0,"84":0,"85":0,"86":0,"87":0,"88":0,"89":0,"90":0,"91":1,"92":0,"93":0,"94":0,"95":0,"96":0,"97":0,"98":0,"99":0,"100":1,"101":1,"102":1,"103":1,"104":1,"105":1,"106":0,"107":1,"108":0,"109":1,"110":0,"111":0,"112":0,"113":0,"114":0,"115":0,"116":0,"117":0,"118":1,"119":0,"120":0,"121":0,"122":0,"123":0,"124":0,"125":0,"126":0},"f":{"0":8,"1":2,"2":1,"3":4,"4":1,"5":0,"6":0,"7":0,"8":0,"9":0,"10":0,"11":0,"12":1,"13":0,"14":0},"b":{"0":[8,0],"1":[1,1],"2":[0],"3":[0,1],"4":[1,3],"5":[0,1],"6":[0,0],"7":[0,0],"8":[0,0],"9":[0,0],"10":[0],"11":[0,0],"12":[0,0],"13":[0,0],"14":[0,1],"15":[0,0],"16":[0,0]},"_coverageSchema":"1a1c01bbd47fc00a2c39e90264f33305004495a9","hash":"070614aa67dc8355e3d68dc97bb7102a299e715c"}
,"C:\\Users\\camde\\Open-Net\\src\\services\\profileService.js": {"path":"C:\\Users\\camde\\Open-Net\\src\\services\\profileService.js","statementMap":{"0":{"start":{"line":5,"column":19},"end":{"line":11,"column":1}},"1":{"start":{"line":6,"column":16},"end":{"line":6,"column":36}},"2":{"start":{"line":7,"column":2},"end":{"line":10,"column":4}},"3":{"start":{"line":13,"column":30},"end":{"line":32,"column":1}},"4":{"start":{"line":16,"column":2},"end":{"line":31,"column":3}},"5":{"start":{"line":17,"column":20},"end":{"line":17,"column":38}},"6":{"start":{"line":18,"column":21},"end":{"line":20,"column":6}},"7":{"start":{"line":22,"column":19},"end":{"line":22,"column":40}},"8":{"start":{"line":24,"column":4},"end":{"line":24,"column":55}},"9":{"start":{"line":24,"column":25},"end":{"line":24,"column":55}},"10":{"start":{"line":27,"column":4},"end":{"line":27,"column":23}},"11":{"start":{"line":30,"column":4},"end":{"line":30,"column":16}},"12":{"start":{"line":34,"column":33},"end":{"line":52,"column":1}},"13":{"start":{"line":35,"column":2},"end":{"line":51,"column":3}},"14":{"start":{"line":36,"column":20},"end":{"line":36,"column":38}},"15":{"start":{"line":38,"column":21},"end":{"line":42,"column":6}},"16":{"start":{"line":44,"column":19},"end":{"line":44,"column":40}},"17":{"start":{"line":46,"column":4},"end":{"line":46,"column":55}},"18":{"start":{"line":46,"column":25},"end":{"line":46,"column":55}},"19":{"start":{"line":48,"column":4},"end":{"line":48,"column":23}},"20":{"start":{"line":50,"column":4},"end":{"line":50,"column":16}},"21":{"start":{"line":53,"column":33},"end":{"line":71,"column":1}},"22":{"start":{"line":54,"column":2},"end":{"line":70,"column":3}},"23":{"start":{"line":56,"column":4},"end":{"line":56,"column":30}},"24":{"start":{"line":56,"column":17},"end":{"line":56,"column":30}},"25":{"start":{"line":58,"column":20},"end":{"line":58,"column":38}},"26":{"start":{"line":61,"column":21},"end":{"line":61,"column":84}},"27":{"start":{"line":63,"column":19},"end":{"line":63,"column":40}},"28":{"start":{"line":65,"column":4},"end":{"line":65,"column":38}},"29":{"start":{"line":65,"column":25},"end":{"line":65,"column":38}},"30":{"start":{"line":67,"column":4},"end":{"line":67,"column":34}},"31":{"start":{"line":69,"column":4},"end":{"line":69,"column":17}},"32":{"start":{"line":75,"column":33},"end":{"line":92,"column":1}},"33":{"start":{"line":76,"column":2},"end":{"line":91,"column":3}},"34":{"start":{"line":77,"column":20},"end":{"line":77,"column":38}},"35":{"start":{"line":78,"column":21},"end":{"line":82,"column":6}},"36":{"start":{"line":85,"column":19},"end":{"line":85,"column":40}},"37":{"start":{"line":87,"column":4},"end":{"line":87,"column":55}},"38":{"start":{"line":87,"column":25},"end":{"line":87,"column":55}},"39":{"start":{"line":89,"column":4},"end":{"line":89,"column":23}},"40":{"start":{"line":90,"column":19},"end":{"line":90,"column":31}}},"fnMap":{"0":{"name":"(anonymous_0)","decl":{"start":{"line":5,"column":19},"end":{"line":5,"column":20}},"loc":{"start":{"line":5,"column":31},"end":{"line":11,"column":1}},"line":5},"1":{"name":"(anonymous_1)","decl":{"start":{"line":13,"column":30},"end":{"line":13,"column":31}},"loc":{"start":{"line":13,"column":47},"end":{"line":32,"column":1}},"line":13},"2":{"name":"(anonymous_2)","decl":{"start":{"line":34,"column":33},"end":{"line":34,"column":34}},"loc":{"start":{"line":34,"column":56},"end":{"line":52,"column":1}},"line":34},"3":{"name":"(anonymous_3)","decl":{"start":{"line":53,"column":33},"end":{"line":53,"column":34}},"loc":{"start":{"line":53,"column":50},"end":{"line":71,"column":1}},"line":53},"4":{"name":"(anonymous_4)","decl":{"start":{"line":75,"column":33},"end":{"line":75,"column":34}},"loc":{"start":{"line":75,"column":60},"end":{"line":92,"column":1}},"line":75}},"branchMap":{"0":{"loc":{"start":{"line":9,"column":21},"end":{"line":9,"column":51}},"type":"cond-expr","locations":[{"start":{"line":9,"column":29},"end":{"line":9,"column":46}},{"start":{"line":9,"column":49},"end":{"line":9,"column":51}}],"line":9},"1":{"loc":{"start":{"line":24,"column":4},"end":{"line":24,"column":55}},"type":"if","locations":[{"start":{"line":24,"column":4},"end":{"line":24,"column":55}},{"start":{},"end":{}}],"line":24},"2":{"loc":{"start":{"line":46,"column":4},"end":{"line":46,"column":55}},"type":"if","locations":[{"start":{"line":46,"column":4},"end":{"line":46,"column":55}},{"start":{},"end":{}}],"line":46},"3":{"loc":{"start":{"line":56,"column":4},"end":{"line":56,"column":30}},"type":"if","locations":[{"start":{"line":56,"column":4},"end":{"line":56,"column":30}},{"start":{},"end":{}}],"line":56},"4":{"loc":{"start":{"line":65,"column":4},"end":{"line":65,"column":38}},"type":"if","locations":[{"start":{"line":65,"column":4},"end":{"line":65,"column":38}},{"start":{},"end":{}}],"line":65},"5":{"loc":{"start":{"line":87,"column":4},"end":{"line":87,"column":55}},"type":"if","locations":[{"start":{"line":87,"column":4},"end":{"line":87,"column":55}},{"start":{},"end":{}}],"line":87}},"s":{"0":1,"1":3,"2":3,"3":1,"4":0,"5":0,"6":0,"7":0,"8":0,"9":0,"10":0,"11":0,"12":1,"13":2,"14":2,"15":2,"16":2,"17":2,"18":0,"19":2,"20":0,"21":1,"22":0,"23":0,"24":0,"25":0,"26":0,"27":0,"28":0,"29":0,"30":0,"31":0,"32":1,"33":1,"34":1,"35":1,"36":1,"37":1,"38":0,"39":1,"40":0},"f":{"0":3,"1":0,"2":2,"3":0,"4":1},"b":{"0":[3,0],"1":[0,0],"2":[0,2],"3":[0,0],"4":[0,0],"5":[0,1]},"_coverageSchema":"1a1c01bbd47fc00a2c39e90264f33305004495a9","hash":"df04798253a4a82648a68ef8418d90eca9ece6b6"}
}
