TN:
SF:src\services\authService.js
FN:4,(anonymous_0)
FN:26,(anonymous_1)
FN:48,(anonymous_2)
FN:55,(anonymous_3)
FNF:4
FNH:3
FNDA:1,(anonymous_0)
FNDA:1,(anonymous_1)
FNDA:0,(anonymous_2)
FNDA:11,(anonymous_3)
DA:4,1
DA:7,1
DA:8,1
DA:15,1
DA:17,1
DA:18,1
DA:19,1
DA:20,1
DA:22,0
DA:26,1
DA:27,1
DA:28,1
DA:34,1
DA:36,1
DA:39,1
DA:40,1
DA:42,1
DA:44,0
DA:48,1
DA:51,0
DA:52,0
DA:55,1
DA:56,11
LF:23
LH:19
BRDA:17,0,0,0
BRDA:17,0,1,1
BRDA:36,1,0,0
BRDA:36,1,1,1
BRF:4
BRH:2
end_of_record
TN:
SF:src\services\eventService.js
FN:4,(anonymous_0)
FN:12,(anonymous_1)
FN:31,(anonymous_2)
FN:44,(anonymous_3)
FN:63,(anonymous_4)
FN:82,(anonymous_5)
FN:99,(anonymous_6)
FN:118,(anonymous_7)
FN:131,(anonymous_8)
FN:148,(anonymous_9)
FN:167,(anonymous_10)
FN:185,(anonymous_11)
FN:202,(anonymous_12)
FN:221,(anonymous_13)
FN:240,(anonymous_14)
FNF:15
FNH:6
FNDA:8,(anonymous_0)
FNDA:2,(anonymous_1)
FNDA:1,(anonymous_2)
FNDA:4,(anonymous_3)
FNDA:1,(anonymous_4)
FNDA:0,(anonymous_5)
FNDA:0,(anonymous_6)
FNDA:0,(anonymous_7)
FNDA:0,(anonymous_8)
FNDA:0,(anonymous_9)
FNDA:0,(anonymous_10)
FNDA:0,(anonymous_11)
FNDA:1,(anonymous_12)
FNDA:0,(anonymous_13)
FNDA:0,(anonymous_14)
DA:4,1
DA:5,8
DA:6,8
DA:12,1
DA:13,2
DA:14,2
DA:15,2
DA:21,2
DA:23,2
DA:25,1
DA:27,1
DA:31,1
DA:32,1
DA:33,1
DA:34,1
DA:36,1
DA:38,1
DA:40,0
DA:44,1
DA:45,4
DA:46,4
DA:47,4
DA:53,4
DA:55,4
DA:57,3
DA:59,1
DA:63,1
DA:64,1
DA:65,1
DA:66,1
DA:72,1
DA:74,1
DA:76,1
DA:78,0
DA:82,1
DA:83,0
DA:84,0
DA:85,0
DA:89,0
DA:91,0
DA:93,0
DA:95,0
DA:99,1
DA:100,0
DA:101,0
DA:102,0
DA:108,0
DA:110,0
DA:112,0
DA:114,0
DA:118,1
DA:119,0
DA:120,0
DA:121,0
DA:123,0
DA:125,0
DA:127,0
DA:131,1
DA:132,0
DA:133,0
DA:134,0
DA:138,0
DA:140,0
DA:142,0
DA:144,0
DA:148,1
DA:149,0
DA:150,0
DA:151,0
DA:157,0
DA:159,0
DA:161,0
DA:163,0
DA:167,1
DA:168,0
DA:169,0
DA:170,0
DA:175,0
DA:177,0
DA:179,0
DA:181,0
DA:185,1
DA:186,0
DA:187,0
DA:188,0
DA:192,0
DA:194,0
DA:196,0
DA:198,0
DA:202,1
DA:203,1
DA:204,1
DA:205,1
DA:211,1
DA:213,1
DA:215,1
DA:217,0
DA:221,1
DA:222,0
DA:223,0
DA:224,0
DA:230,0
DA:232,0
DA:234,0
DA:236,0
DA:240,1
DA:241,0
DA:242,0
DA:243,0
DA:247,0
DA:249,0
DA:251,0
DA:253,0
LF:113
LH:48
BRDA:8,0,0,8
BRDA:8,0,1,0
BRDA:23,1,0,1
BRDA:23,1,1,1
BRDA:31,2,0,0
BRDA:36,3,0,0
BRDA:36,3,1,1
BRDA:55,4,0,1
BRDA:55,4,1,3
BRDA:74,5,0,0
BRDA:74,5,1,1
BRDA:91,6,0,0
BRDA:91,6,1,0
BRDA:110,7,0,0
BRDA:110,7,1,0
BRDA:123,8,0,0
BRDA:123,8,1,0
BRDA:140,9,0,0
BRDA:140,9,1,0
BRDA:148,10,0,0
BRDA:159,11,0,0
BRDA:159,11,1,0
BRDA:177,12,0,0
BRDA:177,12,1,0
BRDA:194,13,0,0
BRDA:194,13,1,0
BRDA:213,14,0,0
BRDA:213,14,1,1
BRDA:232,15,0,0
BRDA:232,15,1,0
BRDA:249,16,0,0
BRDA:249,16,1,0
BRF:32
BRH:8
end_of_record
TN:
SF:src\services\profileService.js
FN:5,(anonymous_0)
FN:13,(anonymous_1)
FN:34,(anonymous_2)
FN:53,(anonymous_3)
FN:75,(anonymous_4)
FNF:5
FNH:3
FNDA:3,(anonymous_0)
FNDA:0,(anonymous_1)
FNDA:2,(anonymous_2)
FNDA:0,(anonymous_3)
FNDA:1,(anonymous_4)
DA:5,1
DA:6,3
DA:7,3
DA:13,1
DA:16,0
DA:17,0
DA:18,0
DA:22,0
DA:24,0
DA:27,0
DA:30,0
DA:34,1
DA:35,2
DA:36,2
DA:38,2
DA:44,2
DA:46,2
DA:48,2
DA:50,0
DA:53,1
DA:54,0
DA:56,0
DA:58,0
DA:61,0
DA:63,0
DA:65,0
DA:67,0
DA:69,0
DA:75,1
DA:76,1
DA:77,1
DA:78,1
DA:85,1
DA:87,1
DA:89,1
DA:90,0
LF:36
LH:19
BRDA:9,0,0,3
BRDA:9,0,1,0
BRDA:24,1,0,0
BRDA:24,1,1,0
BRDA:46,2,0,0
BRDA:46,2,1,2
BRDA:56,3,0,0
BRDA:56,3,1,0
BRDA:65,4,0,0
BRDA:65,4,1,0
BRDA:87,5,0,0
BRDA:87,5,1,1
BRF:12
BRH:3
end_of_record
